2025-10-20T09:18:35.290Z Hannah +1 -> total=1
2025-10-20T09:18:39.761Z Daniel +1 -> total=2
2025-10-20T09:18:39.919Z Daniel +1 -> total=3
2025-10-20T09:18:40.385Z Daniel +1 -> total=4
2025-10-20T09:18:40.552Z Daniel +1 -> total=5
2025-10-20T09:21:37.754Z Andreas +1 -> total=6
2025-10-20T09:21:49.595Z Andreas +1 -> total=7
2025-10-20T09:30:20.830Z Andreas +1 -> total=8
2025-10-20T09:30:20.992Z Andreas +1 -> total=9
2025-10-20T09:30:21.157Z Andreas +1 -> total=10
2025-10-20T09:30:21.311Z Andreas +1 -> total=11
2025-10-20T09:30:21.462Z Andreas +1 -> total=12
2025-10-20T09:30:21.624Z Andreas +1 -> total=13
2025-10-20T09:30:21.781Z Andreas +1 -> total=14
2025-10-20T09:30:21.924Z Andreas +1 -> total=15
2025-10-20T09:30:22.095Z Andreas +1 -> total=16
2025-10-20T09:30:22.262Z Andreas +1 -> total=17
2025-10-20T09:30:22.424Z Andreas +1 -> total=18
2025-10-20T09:30:22.591Z Andreas +1 -> total=19
2025-10-20T09:30:22.740Z Andreas +1 -> total=20
2025-10-20T09:30:22.908Z Andreas +1 -> total=21
2025-10-20T09:30:23.079Z Andreas +1 -> total=22
2025-10-20T09:30:23.245Z Andreas +1 -> total=23
2025-10-20T09:30:23.396Z Andreas +1 -> total=24
2025-10-20T09:30:23.562Z Andreas +1 -> total=25
2025-10-20T09:30:23.745Z Andreas +1 -> total=26
2025-10-20T09:30:23.912Z Andreas +1 -> total=27
2025-10-20T09:30:24.074Z Andreas +1 -> total=28
2025-10-20T09:30:24.241Z Andreas +1 -> total=29
2025-10-20T09:30:24.412Z Andreas +1 -> total=30
2025-10-20T09:30:24.574Z Andreas +1 -> total=31
2025-10-20T09:30:24.757Z Andreas +1 -> total=32
2025-10-20T09:30:24.925Z Andreas +1 -> total=33
2025-10-20T09:30:25.090Z Andreas +1 -> total=34
2025-10-20T09:30:25.274Z Andreas +1 -> total=35
2025-10-20T09:30:25.441Z Andreas +1 -> total=36
2025-10-20T09:30:25.624Z Andreas +1 -> total=37
2025-10-20T09:30:25.774Z Andreas +1 -> total=38
2025-10-20T09:30:25.958Z Andreas +1 -> total=39
2025-10-20T09:30:26.123Z Andreas +1 -> total=40
2025-10-20T09:30:26.296Z Andreas +1 -> total=41
2025-10-20T09:30:26.478Z Andreas +1 -> total=42
2025-10-20T09:30:26.644Z Andreas +1 -> total=43
2025-10-20T09:30:26.811Z Andreas +1 -> total=44
2025-10-20T09:30:26.991Z Andreas +1 -> total=45
2025-10-20T09:30:27.162Z Andreas +1 -> total=46
2025-10-20T09:30:27.344Z Andreas +1 -> total=47
2025-10-20T09:30:27.524Z Andreas +1 -> total=48
2025-10-20T09:30:27.691Z Andreas +1 -> total=49
2025-10-20T09:30:27.875Z Andreas +1 -> total=50
2025-10-20T09:30:28.044Z Andreas +1 -> total=51
2025-10-20T09:30:28.225Z Andreas +1 -> total=52
2025-10-20T09:30:28.391Z Andreas +1 -> total=53
2025-10-20T09:30:28.557Z Andreas +1 -> total=54
2025-10-20T09:30:28.740Z Andreas +1 -> total=55
2025-10-20T09:30:28.908Z Andreas +1 -> total=56
2025-10-20T09:30:29.074Z Andreas +1 -> total=57
2025-10-20T09:30:29.257Z Andreas +1 -> total=58
2025-10-20T09:30:29.441Z Andreas +1 -> total=59
2025-10-20T09:30:29.624Z Andreas +1 -> total=60
2025-10-20T09:30:29.795Z Andreas +1 -> total=61
2025-10-20T09:30:29.962Z Andreas +1 -> total=62
2025-10-20T09:30:30.124Z Andreas +1 -> total=63
2025-10-20T09:30:30.308Z Andreas +1 -> total=64
2025-10-20T09:30:30.473Z Andreas +1 -> total=65
2025-10-20T09:30:30.674Z Andreas +1 -> total=66
2025-10-20T09:30:30.841Z Andreas +1 -> total=67
2025-10-20T09:30:31.037Z Andreas +1 -> total=68
2025-10-20T09:30:31.195Z Andreas +1 -> total=69
2025-10-20T09:30:31.378Z Andreas +1 -> total=70
2025-10-20T09:30:31.562Z Andreas +1 -> total=71
2025-10-20T09:30:31.728Z Andreas +1 -> total=72
2025-10-20T09:30:31.929Z Andreas +1 -> total=73
2025-10-20T09:30:32.108Z Andreas +1 -> total=74
2025-10-20T09:30:32.293Z Andreas +1 -> total=75
2025-10-20T09:30:32.475Z Andreas +1 -> total=76
2025-10-20T09:30:32.657Z Andreas +1 -> total=77
2025-10-20T09:30:32.841Z Andreas +1 -> total=78
2025-10-20T09:30:33.036Z Andreas +1 -> total=79
2025-10-20T09:30:33.208Z Andreas +1 -> total=80
2025-10-20T09:30:33.391Z Andreas +1 -> total=81
2025-10-20T09:30:33.574Z Andreas +1 -> total=82
2025-10-20T09:30:33.757Z Andreas +1 -> total=83
2025-10-20T09:30:33.924Z Andreas +1 -> total=84
2025-10-20T09:30:34.111Z Andreas +1 -> total=85
2025-10-20T09:30:34.291Z Andreas +1 -> total=86
2025-10-20T09:30:34.457Z Andreas +1 -> total=87
2025-10-20T09:30:34.641Z Andreas +1 -> total=88
2025-10-20T09:30:34.825Z Andreas +1 -> total=89
2025-10-20T09:30:35.008Z Andreas +1 -> total=90
2025-10-20T09:30:35.191Z Andreas +1 -> total=91
2025-10-20T09:30:35.376Z Andreas +1 -> total=92
2025-10-20T09:30:35.558Z Andreas +1 -> total=93
2025-10-20T09:30:35.723Z Andreas +1 -> total=94
2025-10-20T09:30:35.907Z Andreas +1 -> total=95
2025-10-20T09:30:36.093Z Andreas +1 -> total=96
2025-10-20T09:30:36.261Z Andreas +1 -> total=97
2025-10-20T09:30:36.442Z Andreas +1 -> total=98
2025-10-20T09:30:36.623Z Andreas +1 -> total=99
2025-10-20T09:30:36.807Z Andreas +1 -> total=100
2025-10-20T09:30:36.991Z Andreas +1 -> total=101
2025-10-20T09:30:37.191Z Andreas +1 -> total=102
2025-10-20T09:30:37.374Z Andreas +1 -> total=103
2025-10-20T09:30:37.574Z Andreas +1 -> total=104
2025-10-20T09:30:37.757Z Andreas +1 -> total=105
2025-10-20T09:30:37.959Z Andreas +1 -> total=106
2025-10-20T09:30:38.141Z Andreas +1 -> total=107
2025-10-20T09:30:38.324Z Andreas +1 -> total=108
2025-10-20T09:30:38.507Z Andreas +1 -> total=109
2025-10-20T09:30:38.691Z Andreas +1 -> total=110
2025-10-20T09:30:38.875Z Andreas +1 -> total=111
2025-10-20T09:30:39.057Z Andreas +1 -> total=112
2025-10-20T09:30:39.246Z Andreas +1 -> total=113
2025-10-20T09:30:39.424Z Andreas +1 -> total=114
2025-10-20T09:30:39.607Z Andreas +1 -> total=115
2025-10-20T09:30:39.810Z Andreas +1 -> total=116
2025-10-20T09:30:39.991Z Andreas +1 -> total=117
2025-10-20T09:30:40.175Z Andreas +1 -> total=118
2025-10-20T09:30:40.356Z Andreas +1 -> total=119
2025-10-20T09:30:40.557Z Andreas +1 -> total=120
2025-10-20T09:30:40.741Z Andreas +1 -> total=121
2025-10-20T09:30:40.958Z Andreas +1 -> total=122
2025-10-20T09:30:41.141Z Andreas +1 -> total=123
2025-10-20T09:30:41.341Z Andreas +1 -> total=124
2025-10-20T09:30:41.528Z Andreas +1 -> total=125
2025-10-20T09:30:41.740Z Andreas +1 -> total=126
2025-10-20T09:30:41.941Z Andreas +1 -> total=127
2025-10-20T09:30:42.141Z Andreas +1 -> total=128
2025-10-20T09:30:42.341Z Andreas +1 -> total=129
2025-10-20T09:30:42.558Z Andreas +1 -> total=130
2025-10-20T09:30:42.758Z Andreas +1 -> total=131
2025-10-20T09:30:42.958Z Andreas +1 -> total=132
2025-10-20T09:30:43.157Z Andreas +1 -> total=133
2025-10-20T09:30:43.358Z Andreas +1 -> total=134
2025-10-20T09:30:43.558Z Andreas +1 -> total=135
2025-10-20T09:30:43.745Z Andreas +1 -> total=136
2025-10-20T09:30:43.945Z Andreas +1 -> total=137
2025-10-20T09:30:44.145Z Andreas +1 -> total=138
2025-10-20T09:30:44.340Z Andreas +1 -> total=139
2025-10-20T09:30:44.540Z Andreas +1 -> total=140
2025-10-20T09:30:44.758Z Andreas +1 -> total=141
2025-10-20T09:30:44.945Z Andreas +1 -> total=142
2025-10-20T09:30:45.160Z Andreas +1 -> total=143
2025-10-20T09:30:45.358Z Andreas +1 -> total=144
2025-10-20T09:30:45.557Z Andreas +1 -> total=145
2025-10-20T09:30:45.757Z Andreas +1 -> total=146
2025-10-20T09:30:45.974Z Andreas +1 -> total=147
2025-10-20T09:30:46.157Z Andreas +1 -> total=148
2025-10-20T09:30:46.358Z Andreas +1 -> total=149
2025-10-20T09:30:46.540Z Andreas +1 -> total=150
2025-10-20T09:30:46.740Z Andreas +1 -> total=151
2025-10-20T09:30:46.940Z Andreas +1 -> total=152
2025-10-20T09:30:47.140Z Andreas +1 -> total=153
2025-10-20T09:30:47.324Z Andreas +1 -> total=154
2025-10-20T09:30:47.495Z Andreas +1 -> total=155
2025-10-20T09:30:47.691Z Andreas +1 -> total=156
2025-10-20T09:30:47.873Z Andreas +1 -> total=157
2025-10-20T09:30:48.075Z Andreas +1 -> total=158
2025-10-20T09:30:48.278Z Andreas +1 -> total=159
2025-10-20T09:30:48.457Z Andreas +1 -> total=160
2025-10-20T09:30:48.640Z Andreas +1 -> total=161
2025-10-20T09:30:48.808Z Andreas +1 -> total=162
2025-10-20T09:30:49.007Z Andreas +1 -> total=163
2025-10-20T09:30:49.191Z Andreas +1 -> total=164
2025-10-20T09:30:49.390Z Andreas +1 -> total=165
2025-10-20T09:30:49.574Z Andreas +1 -> total=166
2025-10-20T09:30:49.757Z Andreas +1 -> total=167
2025-10-20T09:30:49.976Z Andreas +1 -> total=168
2025-10-20T09:30:50.140Z Andreas +1 -> total=169
2025-10-20T09:30:50.326Z Andreas +1 -> total=170
2025-10-20T09:30:50.508Z Andreas +1 -> total=171
2025-10-20T09:30:50.699Z Andreas +1 -> total=172
2025-10-20T09:30:50.858Z Andreas +1 -> total=173
2025-10-20T09:30:51.041Z Andreas +1 -> total=174
2025-10-20T09:30:51.224Z Andreas +1 -> total=175
2025-10-20T09:30:51.424Z Andreas +1 -> total=176
2025-10-20T09:30:51.606Z Andreas +1 -> total=177
2025-10-20T09:30:51.790Z Andreas +1 -> total=178
2025-10-20T09:30:51.975Z Andreas +1 -> total=179
2025-10-20T09:30:52.209Z Andreas +1 -> total=180
2025-10-20T09:30:52.408Z Andreas +1 -> total=181
2025-10-20T09:30:52.609Z Andreas +1 -> total=182
2025-10-20T09:30:52.824Z Andreas +1 -> total=183
2025-10-20T09:30:53.042Z Andreas +1 -> total=184
2025-10-20T09:30:53.224Z Andreas +1 -> total=185
2025-10-20T09:30:53.424Z Andreas +1 -> total=186
2025-10-20T09:30:53.607Z Andreas +1 -> total=187
2025-10-20T09:30:53.795Z Andreas +1 -> total=188
2025-10-20T09:30:53.974Z Andreas +1 -> total=189
2025-10-20T09:30:54.160Z Andreas +1 -> total=190
2025-10-20T09:30:54.340Z Andreas +1 -> total=191
2025-10-20T09:30:54.540Z Andreas +1 -> total=192
2025-10-20T09:30:54.707Z Andreas +1 -> total=193
2025-10-20T09:30:54.907Z Andreas +1 -> total=194
2025-10-20T09:30:55.093Z Andreas +1 -> total=195
2025-10-20T09:30:55.281Z Andreas +1 -> total=196
2025-10-20T09:30:55.458Z Andreas +1 -> total=197
2025-10-20T09:30:55.641Z Andreas +1 -> total=198
2025-10-20T09:30:55.828Z Andreas +1 -> total=199
2025-10-20T09:30:56.009Z Andreas +1 -> total=200
2025-10-20T09:30:56.208Z Andreas +1 -> total=201
2025-10-20T09:30:56.391Z Andreas +1 -> total=202
2025-10-20T09:30:56.590Z Andreas +1 -> total=203
2025-10-20T09:30:57.841Z Andreas +1 -> total=204
2025-10-20T09:30:58.190Z Andreas +1 -> total=205
2025-10-20T09:30:58.395Z Andreas +1 -> total=206
2025-10-20T09:30:58.575Z Andreas +1 -> total=207
2025-10-20T09:30:58.758Z Andreas +1 -> total=208
2025-10-20T09:30:58.941Z Andreas +1 -> total=209
2025-10-20T09:30:59.141Z Andreas +1 -> total=210
2025-10-20T09:30:59.375Z Andreas +1 -> total=211
2025-10-20T09:33:09.056Z Hannah +1 -> total=212
2025-10-20T09:33:09.246Z Hannah +1 -> total=213
2025-10-20T09:33:09.446Z Hannah +1 -> total=214
2025-10-20T09:33:09.665Z Hannah +1 -> total=215
2025-10-20T09:33:09.870Z Hannah +1 -> total=216
2025-10-20T09:33:10.060Z Hannah +1 -> total=217
2025-10-20T09:33:10.246Z Hannah +1 -> total=218
2025-10-20T09:33:10.429Z Hannah +1 -> total=219
2025-10-20T09:33:10.626Z Hannah +1 -> total=220
2025-10-20T09:33:10.780Z Hannah +1 -> total=221
2025-10-20T09:33:10.963Z Hannah +1 -> total=222
2025-10-20T09:33:11.142Z Hannah +1 -> total=223
2025-10-20T09:33:11.332Z Hannah +1 -> total=224
2025-10-20T09:33:11.480Z Hannah +1 -> total=225
2025-10-20T09:33:11.660Z Hannah +1 -> total=226
2025-10-20T09:33:11.825Z Hannah +1 -> total=227
2025-10-20T09:34:48.111Z Doug +1 -> total=228
2025-10-20T09:34:48.896Z Doug +1 -> total=229
2025-10-20T09:34:49.095Z Doug +1 -> total=230
2025-10-20T09:34:49.277Z Doug +1 -> total=231
2025-10-20T09:34:49.477Z Doug +1 -> total=232
2025-10-20T09:34:49.676Z Doug +1 -> total=233
2025-10-20T09:34:49.876Z Doug +1 -> total=234
2025-10-20T09:34:50.128Z Doug +1 -> total=235
2025-10-20T09:34:50.334Z Doug +1 -> total=236
2025-10-20T09:34:50.913Z Doug +1 -> total=237
2025-10-20T09:34:51.092Z Doug +1 -> total=238
2025-10-20T09:34:51.293Z Doug +1 -> total=239
2025-10-20T09:34:51.484Z Doug +1 -> total=240
2025-10-20T09:34:51.661Z Doug +1 -> total=241
2025-10-20T09:34:51.843Z Doug +1 -> total=242
2025-10-20T09:34:52.038Z Doug +1 -> total=243
2025-10-20T09:34:52.227Z Doug +1 -> total=244
2025-10-20T09:34:52.411Z Doug +1 -> total=245
2025-10-20T09:34:52.600Z Doug +1 -> total=246
2025-10-20T09:34:52.794Z Doug +1 -> total=247
2025-10-20T09:34:53.010Z Doug +1 -> total=248
2025-10-20T09:34:53.197Z Doug +1 -> total=249
2025-10-20T09:34:53.385Z Doug +1 -> total=250
2025-10-20T09:34:53.583Z Doug +1 -> total=251
2025-10-20T09:34:53.759Z Doug +1 -> total=252
2025-10-20T09:34:53.946Z Doug +1 -> total=253
2025-10-20T09:34:54.144Z Doug +1 -> total=254
2025-10-20T09:34:54.325Z Doug +1 -> total=255
2025-10-20T09:34:54.527Z Doug +1 -> total=256
2025-10-20T09:34:54.709Z Doug +1 -> total=257
2025-10-20T09:34:54.896Z Doug +1 -> total=258
2025-10-20T09:34:55.093Z Doug +1 -> total=259
2025-10-20T09:34:55.278Z Doug +1 -> total=260
2025-10-20T09:34:55.460Z Doug +1 -> total=261
2025-10-20T09:34:55.663Z Doug +1 -> total=262
2025-10-20T09:34:55.844Z Doug +1 -> total=263
2025-10-20T09:34:56.047Z Doug +1 -> total=264
2025-10-20T09:34:56.227Z Doug +1 -> total=265
2025-10-20T09:34:56.411Z Doug +1 -> total=266
2025-10-20T09:34:56.592Z Doug +1 -> total=267
2025-10-20T09:34:56.793Z Doug +1 -> total=268
2025-10-20T09:34:56.977Z Doug +1 -> total=269
2025-10-20T09:34:57.148Z Doug +1 -> total=270
2025-10-20T09:34:57.328Z Doug +1 -> total=271
2025-10-20T09:35:53.935Z Hannah +1 -> total=272
2025-10-20T09:35:54.564Z Hannah +1 -> total=273
2025-10-20T09:35:54.747Z Hannah +1 -> total=274
2025-10-20T09:35:54.964Z Hannah +1 -> total=275
2025-10-20T09:35:55.196Z Hannah +1 -> total=276
2025-10-20T09:35:55.414Z Hannah +1 -> total=277
2025-10-20T09:35:55.613Z Hannah +1 -> total=278
2025-10-20T09:36:22.899Z Karl +1 -> total=279
2025-10-20T09:36:23.576Z Karl +1 -> total=280
2025-10-20T09:36:24.310Z Karl +1 -> total=281
2025-10-20T09:36:24.943Z Karl +1 -> total=282
2025-10-20T09:36:25.498Z Karl +1 -> total=283
2025-10-20T09:36:25.745Z Karl +1 -> total=284
2025-10-20T09:37:40.867Z Hannah +1 -> total=285
2025-10-20T09:37:41.395Z Hannah +1 -> total=286
2025-10-20T09:37:41.594Z Hannah +1 -> total=287
2025-10-20T09:37:41.779Z Hannah +1 -> total=288
2025-10-20T09:37:42.201Z Hannah +1 -> total=289
2025-10-20T09:37:42.436Z Hannah +1 -> total=290
2025-10-20T09:37:43.047Z Hannah +1 -> total=291
2025-10-20T09:37:43.247Z Hannah +1 -> total=292
2025-10-20T09:37:43.430Z Hannah +1 -> total=293
2025-10-20T09:37:43.629Z Hannah +1 -> total=294
2025-10-20T09:37:43.812Z Hannah +1 -> total=295
2025-10-20T09:37:43.997Z Hannah +1 -> total=296
2025-10-20T09:37:44.178Z Hannah +1 -> total=297
2025-10-20T09:37:44.346Z Hannah +1 -> total=298
2025-10-20T09:37:44.535Z Hannah +1 -> total=299
2025-10-20T09:37:44.715Z Hannah +1 -> total=300
2025-10-20T09:37:44.877Z Hannah +1 -> total=301
2025-10-20T09:37:45.048Z Hannah +1 -> total=302
2025-10-20T09:37:45.215Z Hannah +1 -> total=303
2025-10-20T09:37:45.397Z Hannah +1 -> total=304
2025-10-20T09:37:45.564Z Hannah +1 -> total=305
2025-10-20T09:37:45.745Z Hannah +1 -> total=306
2025-10-20T09:37:45.927Z Hannah +1 -> total=307
2025-10-20T09:37:46.112Z Hannah +1 -> total=308
2025-10-20T09:37:46.295Z Hannah +1 -> total=309
2025-10-20T09:37:46.480Z Hannah +1 -> total=310
2025-10-20T09:37:46.661Z Hannah +1 -> total=311
2025-10-20T09:37:46.847Z Hannah +1 -> total=312
2025-10-20T09:37:47.031Z Hannah +1 -> total=313
2025-10-20T09:37:47.197Z Hannah +1 -> total=314
2025-10-20T09:39:44.089Z Andreas +1 -> total=1
2025-10-20T09:39:44.265Z Andreas +1 -> total=2
2025-10-20T09:39:45.180Z Andreas +1 -> total=3
2025-10-20T09:39:45.335Z Andreas +1 -> total=4
2025-10-20T09:39:45.513Z Andreas +1 -> total=5
2025-10-20T09:39:45.686Z Andreas +1 -> total=6
2025-10-20T09:39:45.863Z Andreas +1 -> total=7
2025-10-20T09:39:46.036Z Andreas +1 -> total=8
2025-10-20T09:39:46.196Z Andreas +1 -> total=9
2025-10-20T09:39:46.352Z Andreas +1 -> total=10
2025-10-20T09:40:12.936Z Isac +1 -> total=201
2025-10-20T09:40:13.948Z Isac +1 -> total=202
2025-10-20T09:40:14.515Z Isac +1 -> total=203
2025-10-20T09:40:14.965Z Isac +1 -> total=204
2025-10-20T09:40:15.396Z Isac +1 -> total=205
2025-10-20T09:40:15.798Z Isac +1 -> total=206
2025-10-20T09:40:16.198Z Isac +1 -> total=207
2025-10-20T09:40:16.382Z Isac +1 -> total=208
2025-10-20T09:40:16.565Z Isac +1 -> total=209
2025-10-20T09:40:16.730Z Isac +1 -> total=210
2025-10-20T09:40:16.915Z Isac +1 -> total=211
2025-10-20T09:40:17.079Z Isac +1 -> total=212
2025-10-20T09:40:17.246Z Isac +1 -> total=213
2025-10-20T09:40:17.416Z Isac +1 -> total=214
2025-10-20T09:41:39.270Z Hannah +1 -> total=201
2025-10-20T09:41:40.032Z Hannah +1 -> total=202
2025-10-20T09:41:40.866Z Hannah +1 -> total=203
2025-10-20T09:41:41.565Z Hannah +1 -> total=204
2025-10-20T09:41:42.537Z Hannah +1 -> total=205
2025-10-20T09:41:43.403Z Hannah +1 -> total=206
2025-10-20T09:41:44.232Z Hannah +1 -> total=207
2025-10-20T09:42:39.909Z Hannah +1 -> total=208
2025-10-20T09:42:40.541Z Andreas +1 -> total=209
2025-10-20T09:42:42.571Z Isac +1 -> total=210
2025-10-20T09:42:42.749Z Isac +1 -> total=211
2025-10-20T09:42:42.916Z Isac +1 -> total=212
2025-10-20T09:45:27.457Z Isac +1 -> total=1
2025-10-20T09:47:32.908Z Andreas +1 -> total=2
2025-10-20T09:47:33.867Z Karl +1 -> total=3
2025-10-20T09:47:34.585Z Daniel +1 -> total=4
2025-10-20T09:47:37.401Z RESET -> total=0
2025-10-20T09:49:24.493Z Doug +1 -> total=1
2025-10-20T09:52:13.708Z Hannah +1 -> total=2
2025-10-20T09:52:17.890Z Andreas +1 -> total=3
2025-10-20T09:52:25.108Z Karl +1 -> total=4
2025-10-20T09:52:25.911Z Daniel +1 -> total=5
2025-10-20T09:52:27.273Z Isac +1 -> total=6
2025-10-20T09:52:27.474Z Isac +1 -> total=7
2025-10-20T09:52:27.641Z Isac +1 -> total=8
2025-10-20T09:52:27.797Z Isac +1 -> total=9
2025-10-20T09:52:28.880Z Hannah +1 -> total=10
2025-10-20T11:08:44.656Z Hannah +1 -> total=1
2025-10-20T11:08:44.802Z Hannah +1 -> total=2
2025-10-20T11:08:44.969Z Hannah +1 -> total=3
2025-10-20T11:08:45.134Z Hannah +1 -> total=4
2025-10-20T11:08:45.303Z Hannah +1 -> total=5
2025-10-20T11:08:46.488Z Hannah +1 -> total=6
2025-10-20T11:10:48.541Z Doug +1 -> total=7
2025-10-20T11:10:48.965Z Doug +1 -> total=8
2025-10-20T11:11:57.598Z Andreas +1 -> total=9 [IP: ::1]
2025-10-20T11:14:51.919Z Hannah +1 -> total=10 [IP: ::1]
2025-10-20T11:19:15.362Z Hannah +1 -> total=11 [Email: karl@grebban.com, IP: ::1]
2025-10-20T11:20:17.304Z Hannah +1 -> total=12 [Email: karl@grebban.com, IP: ::1]
2025-10-20T11:25:56.694Z Andreas +1 -> total=13 [Email: karl@grebban.com, IP: ::1]
